<?xml version="1.0" encoding="UTF-8"?>
<!-- Generated by org.testng.reporters.JUnitReportReporter -->
<testsuite hostname="User-PC" failures="0" tests="2" name="parallel.ParallelTestingDemo" time="0.190" errors="0" timestamp="2024-07-04T15:00:20 IST" skipped="0">
  <testcase classname="parallel.ParallelTestingDemo" name="clickSeleniumOption" time="0.120"/>
  <testcase classname="parallel.ParallelTestingDemo" name="clickSeleniumOption" time="0.070"/>
</testsuite> <!-- parallel.ParallelTestingDemo -->
